#
# A fatal error has been detected by the Java Runtime Environment:
#
#  Internal Error (os_windows_x86.cpp:114), pid=4892, tid=4896
#  Error: guarantee(result == -1,"Unexpected result from topLevelExceptionFilter")
#
# JRE version: 6.0_17-b04
# Java VM: Java HotSpot(TM) 64-Bit Server VM (14.3-b01 mixed mode windows-amd64 )
# If you would like to submit a bug report, please visit:
#   http://java.sun.com/webapps/bugreport/crash.jsp
# The crash happened outside the Java Virtual Machine in native code.
# See problematic frame for where to report the bug.
#

---------------  T H R E A D  ---------------

Current thread (0x0000000004dce800):  JavaThread "main" [_thread_in_native, id=4896, stack(0x0000000000090000,0x0000000004090000)]

Stack: [0x0000000000090000,0x0000000004090000]
[error occurred during error reporting (printing stack bounds), id 0xc0000005]

Java frames: (J=compiled Java code, j=interpreted, Vv=VM code)
j  com.mathworks.jmi.NativeMatlab.ProcessPendingEvents()Z+0
j  com.mathworks.jmi.NativeMatlab.processPendingEvents()Z+8
j  com.mathworks.jmi.Matlab$ProcessPendingEvents.callBooleanMethod(Ljava/lang/Object;)Z+0
j  com.mathworks.util.FactoryUtils.processPendingEvents()Z+12
j  com.mathworks.widgets.desk.Desktop.canClose()Z+38
j  com.mathworks.mde.desk.MLDesktop.canClose()Z+113
j  com.mathworks.mde.desk.MLDesktop$2.call()Ljava/lang/Boolean;+4
j  com.mathworks.mde.desk.MLDesktop$2.call()Ljava/lang/Object;+1
j  com.mathworks.jmi.Matlab.isOkToExit()Z+54
v  ~StubRoutines::call_stub
j  com.mathworks.jmi.NativeMatlab.SendMatlabMessage(Ljava/lang/Object;)Ljava/lang/Object;+0
j  com.mathworks.jmi.NativeMatlab.sendMatlabMessage(Ljava/lang/Object;)Ljava/lang/Object;+22
j  com.mathworks.jmi.MatlabLooper.sendMatlabMessage(Lcom/mathworks/services/message/MWMessage;)Ljava/lang/Object;+20
j  com.mathworks.jmi.Matlab.mtFevalConsoleOutput(Ljava/lang/String;[Ljava/lang/Object;I)Ljava/lang/Object;+58
j  com.mathworks.mde.desk.MLDesktop$9.run()V+14
j  com.mathworks.jmi.NativeMatlab.dispatchMTRequests(Z)V+57
v  ~StubRoutines::call_stub

---------------  P R O C E S S  ---------------

Java Threads: ( => current thread )
  0x000000005f36b000 JavaThread "Code Analyzer updating thread" [_thread_blocked, id=6172, stack(0x00000000606d0000,0x0000000060750000)]
  0x000000005f7c4800 JavaThread "FreeableDirectByteBuffer reference reaper" daemon [_thread_blocked, id=1228, stack(0x0000000062310000,0x0000000062390000)]
  0x000000005f369800 JavaThread "Thread-1250" daemon [_thread_blocked, id=4768, stack(0x0000000062290000,0x0000000062310000)]
  0x000000005f368800 JavaThread "CommGroup select thread com.mathworks.toolbox.distcomp.pmode.io.CommunicationGroup@6cba1a51" daemon [_thread_in_native, id=5872, stack(0x00000000217b0000,0x0000000021830000)]
  0x000000005f368000 JavaThread "Thread-1249" daemon [_thread_blocked, id=3048, stack(0x0000000061e00000,0x0000000061e80000)]
  0x000000005f915800 JavaThread "LocalScheduler-pool-5-thread-2" daemon [_thread_in_native, id=6836, stack(0x0000000060790000,0x0000000060810000)]
  0x000000005f7c1800 JavaThread "Thread-1247" [_thread_blocked, id=2836, stack(0x0000000060910000,0x0000000060990000)]
  0x000000005f7c1000 JavaThread "LocalScheduler-pool-5-thread-1" daemon [_thread_blocked, id=6980, stack(0x0000000060840000,0x00000000608c0000)]
  0x000000005f7c4000 JavaThread "Thread-1246" daemon [_thread_blocked, id=6168, stack(0x0000000060620000,0x00000000606a0000)]
  0x000000005f7bd800 JavaThread "Code Analyzer updating thread" [_thread_blocked, id=5368, stack(0x0000000024cd0000,0x0000000024d50000)]
  0x000000005f919800 JavaThread "Code Analyzer updating thread" [_thread_blocked, id=4508, stack(0x0000000007490000,0x0000000007510000)]
  0x000000005f7bf800 JavaThread "Code Analyzer updating thread" [_thread_blocked, id=2696, stack(0x0000000024620000,0x00000000246a0000)]
  0x000000005f7be800 JavaThread "Active Reference Queue Daemon" daemon [_thread_blocked, id=2968, stack(0x00000000245a0000,0x0000000024620000)]
  0x000000005f7c0000 JavaThread "Timer-21" daemon [_thread_blocked, id=3056, stack(0x0000000024470000,0x00000000244f0000)]
  0x000000005f7be000 JavaThread "Foxtrot Single Worker Thread #1" daemon [_thread_blocked, id=2428, stack(0x0000000021bd0000,0x0000000021c50000)]
  0x000000005f916800 JavaThread "Timer-6" daemon [_thread_blocked, id=2948, stack(0x0000000066210000,0x0000000066290000)]
  0x000000005f918000 JavaThread "RequestQueue for GenericFileList" [_thread_blocked, id=2872, stack(0x000000006a4f0000,0x000000006a570000)]
  0x000000005f914000 JavaThread "Prefs Updater" daemon [_thread_blocked, id=2564, stack(0x00000000683c0000,0x0000000068440000)]
  0x000000005f913800 JavaThread "Timer-1" [_thread_blocked, id=2396, stack(0x00000000682e0000,0x0000000068360000)]
  0x000000005f913000 JavaThread "FelixPackageAdmin" daemon [_thread_blocked, id=4916, stack(0x0000000066170000,0x00000000661f0000)]
  0x000000005f94d000 JavaThread "FelixStartLevel" daemon [_thread_blocked, id=4912, stack(0x0000000049aa0000,0x0000000049b20000)]
  0x000000005f84f000 JavaThread "FelixDispatchQueue" daemon [_thread_blocked, id=4900, stack(0x0000000060560000,0x00000000605e0000)]
  0x000000005f450000 JavaThread "TimerQueue" daemon [_thread_blocked, id=4836, stack(0x0000000060490000,0x0000000060510000)]
  0x000000005ef6d000 JavaThread "AWT-EventQueue-0" [_thread_blocked, id=3148, stack(0x0000000049a20000,0x0000000049aa0000)]
  0x000000005f08e800 JavaThread "AWT-Shutdown" [_thread_blocked, id=4440, stack(0x0000000051e20000,0x0000000051ea0000)]
  0x000000005f313800 JavaThread "com.google.common.base.internal.Finalizer" daemon [_thread_blocked, id=4740, stack(0x000000003d7c0000,0x000000003d840000)]
  0x000000005eb12800 JavaThread "AWT-Windows" daemon [_thread_in_native, id=4484, stack(0x0000000021550000,0x00000000215d0000)]
  0x000000005ea76800 JavaThread "Java2D Disposer" daemon [_thread_blocked, id=1680, stack(0x000000003d740000,0x000000003d7c0000)]
  0x000000005ed81000 JavaThread "Timer-0" [_thread_blocked, id=4620, stack(0x0000000015280000,0x0000000015300000)]
  0x000000005e9f3000 JavaThread "JMI Unnamed Thread" [_thread_in_native, id=4132, stack(0x000000000bb50000,0x000000000fb50000)]
  0x000000004dc45000 JavaThread "Low Memory Detector" daemon [_thread_blocked, id=4392, stack(0x0000000011120000,0x00000000111a0000)]
  0x000000004dc3d800 JavaThread "CompilerThread1" daemon [_thread_blocked, id=4388, stack(0x0000000055f20000,0x0000000059f20000)]
  0x000000004dc33800 JavaThread "CompilerThread0" daemon [_thread_blocked, id=4380, stack(0x0000000051ec0000,0x0000000055ec0000)]
  0x000000004dbef000 JavaThread "Attach Listener" daemon [_thread_blocked, id=780, stack(0x0000000010f80000,0x0000000011000000)]
  0x000000004dbdb800 JavaThread "Finalizer" daemon [_thread_blocked, id=3524, stack(0x0000000010e50000,0x0000000010ed0000)]
  0x000000004dbd5800 JavaThread "Reference Handler" daemon [_thread_blocked, id=4116, stack(0x000000000fed0000,0x000000000ff50000)]
=>0x0000000004dce800 JavaThread "main" [_thread_in_native, id=4896, stack(0x0000000000090000,0x0000000004090000)]

Other Threads:
  0x000000004dbd2000 VMThread [stack: 0x000000004ddd0000,0x0000000051dd0000] [id=4112]
  0x000000004dc69800 WatcherThread [stack: 0x000000005a040000,0x000000005e040000] [id=4420]

VM state:not at safepoint (normal execution)

VM Mutex/Monitor currently owned by a thread: None

Heap
 PSYoungGen      total 33536K, used 25544K [0x000000003a620000, 0x000000003cb70000, 0x000000003d720000)
  eden space 29888K, 79% used [0x000000003a620000,0x000000003bd622c0,0x000000003c350000)
  from space 3648K, 47% used [0x000000003c7e0000,0x000000003c990000,0x000000003cb70000)
  to   space 4160K, 0% used [0x000000003c350000,0x000000003c350000,0x000000003c760000)
 PSOldGen        total 146240K, used 79372K [0x0000000031320000, 0x000000003a1f0000, 0x000000003a620000)
  object space 146240K, 54% used [0x0000000031320000,0x00000000360a30f0,0x000000003a1f0000)
 PSPermGen       total 66176K, used 65888K [0x0000000029320000, 0x000000002d3c0000, 0x0000000031320000)
  object space 66176K, 99% used [0x0000000029320000,0x000000002d378028,0x000000002d3c0000)

Dynamic libraries:
0x000000013f5f0000 - 0x000000013f619000 	C:\Program Files\MATLAB\R2011b\bin\win64\MATLAB.exe
0x00000000772d0000 - 0x0000000077479000 	C:\Windows\SYSTEM32\ntdll.dll
0x00000000771b0000 - 0x00000000772cf000 	C:\Windows\system32\kernel32.dll
0x000007fefd130000 - 0x000007fefd19b000 	C:\Windows\system32\KERNELBASE.dll
0x0000000074460000 - 0x0000000074563000 	C:\Program Files\MATLAB\R2011b\bin\win64\libut.dll
0x00000000758a0000 - 0x0000000075944000 	C:\Program Files\MATLAB\R2011b\bin\win64\libmwi18n.dll
0x0000000180000000 - 0x000000018000b000 	C:\Program Files\MATLAB\R2011b\bin\win64\libmwresource_core.dll
0x0000000071fa0000 - 0x0000000072073000 	C:\Windows\WinSxS\amd64_microsoft.vc90.crt_1fc8b3b9a1e18e3b_9.0.30729.4940_none_08e4299fa83d7e3c\MSVCP90.dll
0x0000000072080000 - 0x000000007211d000 	C:\Windows\WinSxS\amd64_microsoft.vc90.crt_1fc8b3b9a1e18e3b_9.0.30729.4940_none_08e4299fa83d7e3c\MSVCR90.dll
0x000000007a170000 - 0x000000007a19c000 	C:\Program Files\MATLAB\R2011b\bin\win64\boost_filesystem-vc90-mt-1_44.dll
0x000000007a560000 - 0x000000007a569000 	C:\Program Files\MATLAB\R2011b\bin\win64\boost_system-vc90-mt-1_44.dll
0x000007fefe700000 - 0x000007fefe7db000 	C:\Windows\system32\ADVAPI32.dll
0x000007fefd530000 - 0x000007fefd5cf000 	C:\Windows\system32\msvcrt.dll
0x000007fefd5d0000 - 0x000007fefd5ef000 	C:\Windows\SYSTEM32\sechost.dll
0x000007fefefa0000 - 0x000007feff0cd000 	C:\Windows\system32\RPCRT4.dll
0x000000007a010000 - 0x000000007a035000 	C:\Program Files\MATLAB\R2011b\bin\win64\LIBEXPAT.dll
0x000000006c6f0000 - 0x000000006c8e1000 	C:\Program Files\MATLAB\R2011b\bin\win64\icuin44.dll
0x000000006c970000 - 0x000000006cae1000 	C:\Program Files\MATLAB\R2011b\bin\win64\icuuc44.dll
0x0000000010000000 - 0x0000000010e41000 	C:\Program Files\MATLAB\R2011b\bin\win64\icudt44.dll
0x0000000073f70000 - 0x00000000740b5000 	C:\Program Files\MATLAB\R2011b\bin\win64\libmwfl.dll
0x000000007a350000 - 0x000000007a556000 	C:\Program Files\MATLAB\R2011b\bin\win64\libmwMATLAB_res.dll
0x0000000004260000 - 0x0000000004270000 	C:\Program Files\MATLAB\R2011b\bin\win64\boost_date_time-vc90-mt-1_44.dll
0x000000007a250000 - 0x000000007a263000 	C:\Program Files\MATLAB\R2011b\bin\win64\boost_signals-vc90-mt-1_44.dll
0x000000007a2d0000 - 0x000000007a2e2000 	C:\Program Files\MATLAB\R2011b\bin\win64\boost_thread-vc90-mt-1_44.dll
0x00000000042a0000 - 0x00000000042e6000 	C:\Program Files\MATLAB\R2011b\bin\win64\tbb.dll
0x000007fefe640000 - 0x000007fefe659000 	C:\Windows\system32\imagehlp.dll
0x0000000077490000 - 0x0000000077497000 	C:\Windows\system32\PSAPI.DLL
0x000000006cf30000 - 0x000000006cf43000 	C:\Program Files\MATLAB\R2011b\bin\win64\icuio44.dll
0x000007fef6f50000 - 0x000007fef7075000 	C:\Windows\system32\dbghelp.dll
0x00000000770b0000 - 0x00000000771aa000 	C:\Windows\system32\USER32.dll
0x000007fefe5d0000 - 0x000007fefe637000 	C:\Windows\system32\GDI32.dll
0x000007feff1b0000 - 0x000007feff1be000 	C:\Windows\system32\LPK.dll
0x000007fefec90000 - 0x000007fefed59000 	C:\Windows\system32\USP10.dll
0x000000007bed0000 - 0x000000007c148000 	C:\Program Files\MATLAB\R2011b\bin\win64\libmwservices.dll
0x0000000075a20000 - 0x0000000075ad5000 	C:\Program Files\MATLAB\R2011b\bin\win64\libmx.dll
0x000000007a210000 - 0x000000007a228000 	C:\Program Files\MATLAB\R2011b\bin\win64\zlib1.dll
0x0000000074330000 - 0x0000000074453000 	C:\Program Files\MATLAB\R2011b\bin\win64\libmwmathutil.dll
0x0000000075f10000 - 0x0000000075f5d000 	C:\Program Files\MATLAB\R2011b\bin\win64\mpath.dll
0x000000007b680000 - 0x000000007bb4d000 	C:\Program Files\MATLAB\R2011b\bin\win64\mlutil.dll
0x000000006c8f0000 - 0x000000006c96f000 	C:\Program Files\MATLAB\R2011b\bin\win64\xmlcore.dll
0x000000007bc30000 - 0x000000007be83000 	C:\Program Files\MATLAB\R2011b\bin\win64\xerces-c_2_7.dll
0x000007feff590000 - 0x000007feff5dd000 	C:\Windows\system32\WS2_32.dll
0x000007fefd5f0000 - 0x000007fefd5f8000 	C:\Windows\system32\NSI.dll
0x0000000004390000 - 0x00000000043a6000 	C:\Program Files\MATLAB\R2011b\bin\win64\libmwsettings_res.dll
0x00000000043c0000 - 0x0000000004407000 	C:\Program Files\MATLAB\R2011b\bin\win64\boost_serialization-vc90-mt-1_44.dll
0x000007fefd600000 - 0x000007fefe388000 	C:\Windows\system32\SHELL32.dll
0x000007fefd4b0000 - 0x000007fefd521000 	C:\Windows\system32\SHLWAPI.dll
0x000007fefa150000 - 0x000007fefa1f0000 	C:\Windows\WinSxS\amd64_microsoft.windows.common-controls_6595b64144ccf1df_5.82.7601.18201_none_a4d3b9377117c3df\COMCTL32.dll
0x000007feff4f0000 - 0x000007feff587000 	C:\Windows\system32\COMDLG32.dll
0x000007fefa960000 - 0x000007fefa976000 	C:\Windows\system32\NETAPI32.dll
0x000007fefa950000 - 0x000007fefa95c000 	C:\Windows\system32\netutils.dll
0x000007fefcc70000 - 0x000007fefcc93000 	C:\Windows\system32\srvcli.dll
0x000007fefa930000 - 0x000007fefa945000 	C:\Windows\system32\wkscli.dll
0x000007fefed90000 - 0x000007fefef93000 	C:\Windows\system32\ole32.dll
0x000007feff0d0000 - 0x000007feff1a7000 	C:\Windows\system32\OLEAUT32.dll
0x0000000074970000 - 0x0000000074a41000 	C:\Program Files\MATLAB\R2011b\bin\win64\mcr.dll
0x0000000075000000 - 0x0000000075324000 	C:\Program Files\MATLAB\R2011b\bin\win64\iqm.dll
0x0000000069c80000 - 0x000000006a450000 	C:\Program Files\MATLAB\R2011b\bin\win64\m_interpreter.dll
0x000000006cf50000 - 0x000000006cf65000 	C:\Program Files\MATLAB\R2011b\bin\win64\libmex.dll
0x000000006c590000 - 0x000000006c63e000 	C:\Program Files\MATLAB\R2011b\bin\win64\m_dispatcher.dll
0x0000000074880000 - 0x000000007496d000 	C:\Program Files\MATLAB\R2011b\bin\win64\boost_regex-vc90-mt-1_44.dll
0x000000006c660000 - 0x000000006c6e4000 	C:\Program Files\MATLAB\R2011b\bin\win64\profiler.dll
0x0000000079f40000 - 0x0000000079f73000 	C:\Program Files\MATLAB\R2011b\bin\win64\libmwmathrng.dll
0x0000000074c10000 - 0x0000000074cea000 	C:\Program Files\MATLAB\R2011b\bin\win64\libmwmathcore.dll
0x0000000076160000 - 0x00000000761cb000 	C:\Program Files\MATLAB\R2011b\bin\win64\libmwspmatrix.dll
0x0000000075ea0000 - 0x0000000075f02000 	C:\Program Files\MATLAB\R2011b\bin\win64\libmwcholmod.dll
0x00000000044d0000 - 0x00000000044dd000 	C:\Program Files\MATLAB\R2011b\bin\win64\libmwamd.dll
0x00000000044f0000 - 0x00000000044fc000 	C:\Program Files\MATLAB\R2011b\bin\win64\libmwcolamd.dll
0x000000006c640000 - 0x000000006c659000 	C:\Program Files\MATLAB\R2011b\bin\win64\libmwblas.dll
0x000000006c550000 - 0x000000006c562000 	C:\Program Files\MATLAB\R2011b\bin\win64\libmwbinder.dll
0x000000006d5d0000 - 0x000000006d5db000 	C:\Program Files\MATLAB\R2011b\bin\win64\libmwompwrapper.dll
0x000000006c4c0000 - 0x000000006c542000 	C:\Program Files\MATLAB\R2011b\bin\win64\libmwlapack.dll
0x000000006c490000 - 0x000000006c4b1000 	C:\Program Files\MATLAB\R2011b\bin\win64\m_pcodeio.dll
0x0000000079b10000 - 0x0000000079b77000 	C:\Program Files\MATLAB\R2011b\bin\win64\m_ir.dll
0x000000006b630000 - 0x000000006bc70000 	C:\Program Files\MATLAB\R2011b\bin\win64\m_parser.dll
0x000000006c570000 - 0x000000006c58a000 	C:\Program Files\MATLAB\R2011b\bin\win64\ir_xfmr.dll
0x000000006b3a0000 - 0x000000006b625000 	C:\Program Files\MATLAB\R2011b\bin\win64\mcos.dll
0x0000000071650000 - 0x000000007165c000 	C:\Program Files\MATLAB\R2011b\bin\win64\mtok.dll
0x000000006c450000 - 0x000000006c481000 	C:\Program Files\MATLAB\R2011b\bin\win64\m_pcodegen.dll
0x0000000079fb0000 - 0x0000000079fe5000 	C:\Program Files\MATLAB\R2011b\bin\win64\libmwbridge.dll
0x000000006c380000 - 0x000000006c448000 	C:\Program Files\MATLAB\R2011b\bin\win64\udd.dll
0x000000006c230000 - 0x000000006c377000 	C:\Program Files\MATLAB\R2011b\bin\win64\libmwgui.dll
0x000000006c210000 - 0x000000006c227000 	C:\Program Files\MATLAB\R2011b\bin\win64\graphics_util.dll
0x00000000692d0000 - 0x0000000069c80000 	C:\Program Files\MATLAB\R2011b\bin\win64\hg.dll
0x0000000076100000 - 0x0000000076158000 	C:\Program Files\MATLAB\R2011b\bin\win64\libmat.dll
0x0000000072d30000 - 0x0000000072f44000 	C:\Program Files\MATLAB\R2011b\bin\win64\hdf5dll.dll
0x0000000075710000 - 0x000000007579d000 	C:\Program Files\MATLAB\R2011b\bin\win64\jmi.dll
0x0000000004640000 - 0x000000000464e000 	C:\Program Files\MATLAB\R2011b\bin\win64\nativejava_services.dll
0x000000006c1c0000 - 0x000000006c203000 	C:\Program Files\MATLAB\R2011b\bin\win64\libmwhardcopy.dll
0x000000006c150000 - 0x000000006c1b3000 	C:\Program Files\MATLAB\R2011b\bin\win64\libuij.dll
0x00000000690c0000 - 0x00000000692c7000 	C:\Program Files\MATLAB\R2011b\bin\win64\hgdatatypes.dll
0x000000006b1c0000 - 0x000000006b2b9000 	C:\Program Files\MATLAB\R2011b\bin\win64\hgutils.dll
0x000000006b100000 - 0x000000006b1bd000 	C:\Program Files\MATLAB\R2011b\bin\win64\udd_mi.dll
0x00000000046b0000 - 0x0000000004979000 	C:\Program Files\MATLAB\R2011b\bin\win64\uiw.dll
0x000000006c140000 - 0x000000006c14f000 	C:\Program Files\MATLAB\R2011b\bin\win64\uinone.dll
0x000007fef8d50000 - 0x000007fef8d68000 	C:\Windows\system32\MPR.dll
0x0000000068790000 - 0x0000000068c74000 	C:\Windows\WinSxS\amd64_microsoft.vc90.mfc_1fc8b3b9a1e18e3b_9.0.30729.4148_none_04480933ab2137b1\mfc90.dll
0x000007fef9b50000 - 0x000007fef9b57000 	C:\Windows\system32\MSIMG32.dll
0x000007fef9370000 - 0x000007fef93e1000 	C:\Windows\system32\WINSPOOL.DRV
0x000000006c110000 - 0x000000006c131000 	C:\Program Files\MATLAB\R2011b\bin\win64\mwoles05.DLL
0x0000000069040000 - 0x00000000690b5000 	C:\Program Files\MATLAB\R2011b\bin\win64\comcli.dll
0x0000000071050000 - 0x000000007107f000 	C:\Windows\WinSxS\amd64_microsoft.vc90.atl_1fc8b3b9a1e18e3b_9.0.30729.4148_none_0a1d2fcba76b3f00\ATL90.DLL
0x000000006cf20000 - 0x000000006cf2c000 	C:\Program Files\MATLAB\R2011b\bin\win64\mlautoregister.dll
0x00000000049d0000 - 0x00000000049e0000 	C:\Program Files\MATLAB\R2011b\bin\win64\boost_iostreams-vc90-mt-1_44.dll
0x000007fefed60000 - 0x000007fefed8e000 	C:\Windows\system32\IMM32.DLL
0x000007fefe940000 - 0x000007fefea49000 	C:\Windows\system32\MSCTF.dll
0x000007fefb920000 - 0x000007fefb976000 	C:\Windows\system32\UxTheme.dll
0x000007fefa1f0000 - 0x000007fefa208000 	C:\Windows\system32\dwmapi.dll
0x0000000071080000 - 0x0000000071089000 	C:\Windows\WinSxS\amd64_microsoft.vc90.mfcloc_1fc8b3b9a1e18e3b_9.0.30729.4148_none_01c6b44660ce74c3\MFC90CHS.DLL
0x0000000004b30000 - 0x0000000004b59000 	C:\Program Files\MATLAB\R2011b\bin\win64\tbbmalloc.dll
0x000007fefd080000 - 0x000007fefd08f000 	C:\Windows\system32\profapi.dll
0x000007fefacb0000 - 0x000007fefacd7000 	C:\Windows\system32\iphlpapi.dll
0x000007fefac90000 - 0x000007fefac9b000 	C:\Windows\system32\WINNSI.DLL
0x000007fefc730000 - 0x000007fefc78b000 	C:\Windows\system32\DNSAPI.dll
0x000007fefaac0000 - 0x000007fefaad1000 	C:\Windows\system32\dhcpcsvc6.DLL
0x000007fefaaa0000 - 0x000007fefaab8000 	C:\Windows\system32\dhcpcsvc.DLL
0x00000000715e0000 - 0x00000000715e3000 	C:\Windows\system32\icmp.Dll
0x000007fefcfb0000 - 0x000007fefcfbf000 	C:\Windows\system32\CRYPTBASE.dll
0x000007fefd2e0000 - 0x000007fefd316000 	C:\Windows\system32\CFGMGR32.dll
0x000007fefe660000 - 0x000007fefe6f9000 	C:\Windows\system32\CLBCatQ.DLL
0x0000000078870000 - 0x0000000078ecd000 	C:\Program Files\MATLAB\R2011b\sys\java\jre\win64\jre\bin\server\jvm.dll
0x000007fefb1b0000 - 0x000007fefb1eb000 	C:\Windows\system32\WINMM.dll
0x0000000006a40000 - 0x0000000006a4e000 	C:\Program Files\MATLAB\R2011b\sys\java\jre\win64\jre\bin\verify.dll
0x000000007a070000 - 0x000000007a097000 	C:\Program Files\MATLAB\R2011b\sys\java\jre\win64\jre\bin\java.dll
0x0000000006a70000 - 0x0000000006a7a000 	C:\Program Files\MATLAB\R2011b\sys\java\jre\win64\jre\bin\hpi.dll
0x0000000006a90000 - 0x0000000006aa2000 	C:\Program Files\MATLAB\R2011b\sys\java\jre\win64\jre\bin\zip.dll
0x0000000075b90000 - 0x0000000075bfb000 	C:\Program Files\MATLAB\R2011b\sys\java\jre\win64\jre\bin\fontmanager.dll
0x0000000073150000 - 0x0000000073311000 	C:\Program Files\MATLAB\R2011b\sys\java\jre\win64\jre\bin\awt.dll

VM Arguments:
jvm_args: -Xss512k -XX:PermSize=32m -Xms64m -XX:NewRatio=3 -XX:MaxPermSize=128m -Xmx196m -XX:MaxDirectMemorySize=2147400000 -Dsun.java2d.noddraw=true -Dsun.awt.nopixfmt=true -Xshare:off -Xrs -Dsun.awt.disableMixing=true -Djava.library.path=C:\Program Files\MATLAB\R2011b\bin\win64 vfprintf abort 
java_command: <unknown>
Launcher Type: generic

Environment Variables:
PATH=C:\Program Files (x86)\AMD APP\bin\x86_64;C:\Program Files (x86)\AMD APP\bin\x86;C:\Windows\system32;C:\Windows;C:\Windows\System32\Wbem;C:\Windows\System32\WindowsPowerShell\v1.0\;C:\Program Files (x86)\ATI Technologies\ATI.ACE\Core-Static;C:\Program Files\MATLAB\R2011b\runtime\win64;C:\Program Files\MATLAB\R2011b\bin;C:\Program Files (x86)\Common Files\Hongye Shared\CAD
USERNAME=admin
OS=Windows_NT
PROCESSOR_IDENTIFIER=Intel64 Family 6 Model 58 Stepping 9, GenuineIntel



---------------  S Y S T E M  ---------------

OS: Windows 7 Build 7601 Service Pack 1

CPU:total 4 (8 cores per cpu, 2 threads per core) family 6 model 58 stepping 9, cmov, cx8, fxsr, mmx, sse, sse2, sse3, ssse3, sse4.1, sse4.2, ht

Memory: 4k page, physical 4147764k(801104k free), swap 8293664k(2021600k free)

vm_info: Java HotSpot(TM) 64-Bit Server VM (14.3-b01) for windows-amd64 JRE (1.6.0_17-b04), built on Oct 11 2009 00:46:08 by "java_re" with MS VC++ 8.0

time: Wed Jun 10 18:56:19 2015
elapsed time: 14694 seconds

